<?xml version="1.0" encoding="UTF-8"?>
<!-- Generated by org.testng.reporters.JUnitReportReporter -->
<testsuite hostname="DESKTOP-AU847K4" failures="0" tests="2" name="testNGpack.RadioButton1" time="21.179" errors="0" timestamp="2024-06-26T07:26:32 IST" skipped="0">
  <testcase classname="testNGpack.RadioButton1" name="radioButtonTest" time="6.674"/>
  <system-out/>
  <testcase classname="testNGpack.RadioButton1" name="radioButtonTest" time="14.505"/>
  <system-out/>
</testsuite> <!-- testNGpack.RadioButton1 -->
