<?xml version="1.0" encoding="UTF-8"?>
<!-- Generated by org.testng.reporters.JUnitReportReporter -->
<testsuite hostname="DESKTOP-AU847K4" failures="0" tests="1" name="testNGpack.LinksTesting1" time="8.702" errors="0" timestamp="2024-06-27T07:52:49 IST" skipped="0">
  <testcase classname="testNGpack.LinksTesting1" name="linktesting1" time="8.702"/>
  <system-out>
    <![CDATA[Clicked on Image Link]]>
  </system-out>
</testsuite> <!-- testNGpack.LinksTesting1 -->
