<?xml version="1.0" encoding="UTF-8"?>
<!-- Generated by org.testng.reporters.JUnitReportReporter -->
<testsuite hostname="DESKTOP-AU847K4" failures="0" tests="3" name="testNGpack.TNG_001" time="0.044" errors="0" timestamp="2024-06-24T07:46:43 IST" skipped="1">
  <testcase classname="testNGpack.TNG_001" name="a" time="0.038"/>
  <system-out/>
  <testcase classname="testNGpack.TNG_001" name="f" time="0.006"/>
  <system-out/>
  <testcase classname="testNGpack.TNG_001" name="z">
    <skipped/>
  </testcase> <!-- z -->
  <system-out/>
</testsuite> <!-- testNGpack.TNG_001 -->
