<?xml version="1.0" encoding="UTF-8"?>
<!-- Generated by org.testng.reporters.JUnitReportReporter -->
<testsuite hostname="DESKTOP-AU847K4" failures="0" tests="1" name="testNGpack.CheckBox1" time="7.326" errors="0" timestamp="2024-06-25T07:56:21 IST" skipped="0">
  <testcase classname="testNGpack.CheckBox1" name="checkboxTest" time="7.326"/>
  <system-out/>
</testsuite> <!-- testNGpack.CheckBox1 -->
