<?xml version="1.0" encoding="UTF-8"?>
<!-- Generated by org.testng.reporters.JUnitReportReporter -->
<testsuite hostname="DESKTOP-AU847K4" failures="0" tests="1" name="testNGpack.RadioButton1" time="8.855" errors="0" timestamp="2024-06-25T07:56:21 IST" skipped="0">
  <testcase classname="testNGpack.RadioButton1" name="radioButtonTest" time="8.855"/>
  <system-out/>
</testsuite> <!-- testNGpack.RadioButton1 -->
