<?xml version="1.0" encoding="UTF-8"?>
<!-- Generated by org.testng.reporters.JUnitReportReporter -->
<testsuite hostname="DESKTOP-AU847K4" failures="0" tests="4" name="testNGpack.TestDependency" time="0.036" errors="0" timestamp="2024-06-28T07:28:48 IST" skipped="2">
  <testcase classname="testNGpack.TestDependency" name="orange" time="0.019"/>
  <system-out/>
  <testcase classname="testNGpack.TestDependency" name="white" time="0.004"/>
  <system-out/>
  <testcase classname="testNGpack.TestDependency" name="blue" time="0.013">
    <skipped/>
  </testcase> <!-- blue -->
  <system-out/>
  <testcase classname="testNGpack.TestDependency" name="green" time="0.000">
    <skipped/>
  </testcase> <!-- green -->
  <system-out/>
</testsuite> <!-- testNGpack.TestDependency -->
