<?xml version="1.0" encoding="UTF-8"?>
<!-- Generated by org.testng.reporters.JUnitReportReporter -->
<testsuite hostname="DESKTOP-AU847K4" failures="0" tests="2" name="testNGpack.TNG_002" time="29.165" errors="0" timestamp="2024-06-26T07:26:32 IST" skipped="0">
  <testcase classname="testNGpack.TNG_002" name="amazon" time="11.898"/>
  <system-out/>
  <testcase classname="testNGpack.TNG_002" name="amazon" time="17.267"/>
  <system-out/>
</testsuite> <!-- testNGpack.TNG_002 -->
