<?xml version="1.0" encoding="UTF-8"?>
<!-- Generated by org.testng.reporters.JUnitReportReporter -->
<testsuite hostname="DESKTOP-AU847K4" failures="0" tests="2" name="testNGpack.CheckBox1" time="21.450" errors="0" timestamp="2024-06-26T07:26:32 IST" skipped="0">
  <testcase classname="testNGpack.CheckBox1" name="checkboxTest" time="14.177"/>
  <system-out/>
  <testcase classname="testNGpack.CheckBox1" name="checkboxTest" time="7.273"/>
  <system-out/>
</testsuite> <!-- testNGpack.CheckBox1 -->
