<?xml version="1.0" encoding="UTF-8"?>
<!-- Generated by org.testng.reporters.JUnitReportReporter -->
<testsuite hostname="DESKTOP-AU847K4" failures="0" tests="1" name="suiteA.TestA3" time="2.005" errors="0" timestamp="2024-06-26T07:41:21 IST" skipped="0">
  <testcase classname="suiteA.TestA3" name="testA3" time="2.005"/>
  <system-out/>
</testsuite> <!-- suiteA.TestA3 -->
