<?xml version="1.0" encoding="UTF-8"?>
<!-- Generated by org.testng.reporters.JUnitReportReporter -->
<testsuite hostname="DESKTOP-AU847K4" failures="0" tests="1" name="suiteA.TestA1" time="2.014" errors="0" timestamp="2024-06-27T07:22:39 IST" skipped="0">
  <testcase classname="suiteA.TestA1" name="testA1" time="2.014"/>
  <system-out/>
</testsuite> <!-- suiteA.TestA1 -->
