<?xml version="1.0" encoding="UTF-8"?>
<!-- Generated by org.testng.reporters.JUnitReportReporter -->
<testsuite hostname="DESKTOP-AU847K4" failures="0" tests="1" name="testNGpack.CheckBox1" time="5.906" errors="0" timestamp="2024-06-27T07:52:49 IST" skipped="0">
  <testcase classname="testNGpack.CheckBox1" name="checkboxTest" time="5.906"/>
  <system-out/>
</testsuite> <!-- testNGpack.CheckBox1 -->
