<?xml version="1.0" encoding="UTF-8"?>
<!-- Generated by org.testng.reporters.JUnitReportReporter -->
<testsuite hostname="DESKTOP-AU847K4" failures="0" tests="1" name="testNGpack.TNG_002" time="10.258" errors="0" timestamp="2024-06-27T07:52:49 IST" skipped="0">
  <testcase classname="testNGpack.TNG_002" name="amazon" time="10.258"/>
  <system-out/>
</testsuite> <!-- testNGpack.TNG_002 -->
