<?xml version="1.0" encoding="UTF-8"?>
<!-- Generated by org.testng.reporters.JUnitReportReporter -->
<testsuite hostname="DESKTOP-AU847K4" failures="0" tests="2" name="testNGpack.LinksTesting1" time="24.233" errors="0" timestamp="2024-06-26T07:26:32 IST" skipped="0">
  <testcase classname="testNGpack.LinksTesting1" name="linktesting1" time="11.065"/>
  <system-out>
    <![CDATA[Clicked on Image Link]]>
  </system-out>
  <testcase classname="testNGpack.LinksTesting1" name="linktesting1" time="13.168"/>
  <system-out>
    <![CDATA[Clicked on Image Link]]>
  </system-out>
</testsuite> <!-- testNGpack.LinksTesting1 -->
