<?xml version="1.0" encoding="UTF-8"?>
<!-- Generated by org.testng.reporters.JUnitReportReporter -->
<testsuite hostname="DESKTOP-AU847K4" failures="0" tests="1" name="testNGpack.TNG_002" time="13.830" errors="0" timestamp="2024-06-25T07:56:21 IST" skipped="0">
  <testcase classname="testNGpack.TNG_002" name="amazon" time="13.830"/>
  <system-out/>
</testsuite> <!-- testNGpack.TNG_002 -->
