<?xml version="1.0" encoding="UTF-8"?>
<!-- Generated by org.testng.reporters.JUnitReportReporter -->
<testsuite hostname="DESKTOP-AU847K4" failures="0" tests="6" name="testNGpack.MethodsParallel" time="0.106" errors="0" timestamp="2024-06-27T07:36:44 IST" skipped="0">
  <testcase classname="testNGpack.MethodsParallel" name="test2" time="0.030"/>
  <system-out/>
  <testcase classname="testNGpack.MethodsParallel" name="test6" time="0.010"/>
  <system-out/>
  <testcase classname="testNGpack.MethodsParallel" name="test4" time="0.003"/>
  <system-out/>
  <testcase classname="testNGpack.MethodsParallel" name="test5" time="0.013"/>
  <system-out/>
  <testcase classname="testNGpack.MethodsParallel" name="test3" time="0.024"/>
  <system-out/>
  <testcase classname="testNGpack.MethodsParallel" name="test1" time="0.026"/>
  <system-out/>
</testsuite> <!-- testNGpack.MethodsParallel -->
